#
# There is insufficient memory for the Java Runtime Environment to continue.
# Native memory allocation (malloc) failed to allocate 32744 bytes for ChunkPool::allocate
# Possible reasons:
#   The system is out of physical RAM or swap space
#   The process is running with CompressedOops enabled, and the Java Heap may be blocking the growth of the native heap
# Possible solutions:
#   Reduce memory load on the system
#   Increase physical memory or swap space
#   Check if swap backing store is full
#   Decrease Java heap size (-Xmx/-Xms)
#   Decrease number of Java threads
#   Decrease Java thread stack sizes (-Xss)
#   Set larger code cache with -XX:ReservedCodeCacheSize=
#   JVM is running with Unscaled Compressed Oops mode in which the Java heap is
#     placed in the first 4GB address space. The Java Heap base address is the
#     maximum limit for the native heap growth. Please use -XX:HeapBaseMinAddress
#     to set the Java Heap base and to place the Java Heap above 4GB virtual address.
# This output file may be truncated or incomplete.
#
#  Out of Memory Error (arena.cpp:78), pid=14232, tid=1724
#
# JRE version: OpenJDK Runtime Environment Temurin-17.0.3+7 (17.0.3+7) (build 17.0.3+7)
# Java VM: OpenJDK 64-Bit Server VM Temurin-17.0.3+7 (17.0.3+7, mixed mode, tiered, compressed oops, compressed class ptrs, g1 gc, windows-amd64)
# No core dump will be written. Minidumps are not enabled by default on client versions of Windows
#

---------------  S U M M A R Y ------------

Command Line: -Dfile.encoding=UTF-8 -XX:+ShowCodeDetailsInExceptionMessages com.booking.BookingService

Host: AMD Ryzen 5 2500U with Radeon Vega Mobile Gfx  , 8 cores, 3G,  Windows 10 , 64 bit Build 19041 (10.0.19041.1889)
Time: Fri Sep  9 13:36:32 2022 India Standard Time elapsed time: 196.566716 seconds (0d 0h 3m 16s)

---------------  T H R E A D  ---------------

Current thread (0x000001b3a10629c0):  JavaThread "C1 CompilerThread0" daemon [_thread_in_native, id=1724, stack(0x00000089bfe00000,0x00000089bff00000)]


Current CompileTask:
C1: 196567 7086       3       jdk.internal.org.objectweb.asm.Frame::execute (2305 bytes)

Stack: [0x00000089bfe00000,0x00000089bff00000]
Native frames: (J=compiled Java code, j=interpreted, Vv=VM code, C=native code)
V  [jvm.dll+0x675efa]
V  [jvm.dll+0x830a24]
V  [jvm.dll+0x8321ce]
V  [jvm.dll+0x832833]
V  [jvm.dll+0x2454b5]
V  [jvm.dll+0xabfc0]
V  [jvm.dll+0xac30c]
V  [jvm.dll+0xb928d]
V  [jvm.dll+0x175d65]
V  [jvm.dll+0x17824c]
V  [jvm.dll+0x17a591]
V  [jvm.dll+0x134743]
V  [jvm.dll+0x13403f]
V  [jvm.dll+0x134276]
V  [jvm.dll+0x13370a]
V  [jvm.dll+0x1353d1]
V  [jvm.dll+0x227178]
V  [jvm.dll+0x2252bc]
V  [jvm.dll+0x7e673b]
V  [jvm.dll+0x7e0cfa]
V  [jvm.dll+0x674d85]
C  [ucrtbase.dll+0x21bb2]
C  [KERNEL32.DLL+0x17034]
C  [ntdll.dll+0x52651]


---------------  P R O C E S S  ---------------

Threads class SMR info:
_java_thread_list=0x000001b3a5063180, length=36, elements={
0x000001b3a1028660, 0x000001b3a102b130, 0x000001b3a1040e60, 0x000001b3a1041820,
0x000001b3a1055650, 0x000001b3a1055f10, 0x000001b3a1062010, 0x000001b3a10629c0,
0x000001b3a1064ab0, 0x000001b3a1e895c0, 0x000001b3a1ea8ff0, 0x000001b3a53fdfd0,
0x000001b3a544b810, 0x000001b3a5b12010, 0x000001b3a51b7090, 0x000001b3a3f75910,
0x000001b3a1daabb0, 0x000001b3a1dab550, 0x000001b3a1da8530, 0x000001b3a1da8060,
0x000001b3a1daa210, 0x000001b3a1dab080, 0x000001b3a1daba20, 0x000001b3a1da9870,
0x000001b3a1da8ed0, 0x000001b3a1da8a00, 0x000001b3a1da93a0, 0x000001b3a1da9d40,
0x000001b3a5893380, 0x000001b3a588dce0, 0x000001b3a5893d20, 0x000001b3a58941f0,
0x000001b3a5892040, 0x000001b3a5892eb0, 0x000001b3a58929e0, 0x000001b3a588d340
}

Java Threads: ( => current thread )
  0x000001b3a1028660 JavaThread "Reference Handler" daemon [_thread_blocked, id=3268, stack(0x00000089bf700000,0x00000089bf800000)]
  0x000001b3a102b130 JavaThread "Finalizer" daemon [_thread_blocked, id=5816, stack(0x00000089bf800000,0x00000089bf900000)]
  0x000001b3a1040e60 JavaThread "Signal Dispatcher" daemon [_thread_blocked, id=5160, stack(0x00000089bf900000,0x00000089bfa00000)]
  0x000001b3a1041820 JavaThread "Attach Listener" daemon [_thread_blocked, id=1280, stack(0x00000089bfa00000,0x00000089bfb00000)]
  0x000001b3a1055650 JavaThread "Service Thread" daemon [_thread_blocked, id=15308, stack(0x00000089bfb00000,0x00000089bfc00000)]
  0x000001b3a1055f10 JavaThread "Monitor Deflation Thread" daemon [_thread_blocked, id=2936, stack(0x00000089bfc00000,0x00000089bfd00000)]
  0x000001b3a1062010 JavaThread "C2 CompilerThread0" daemon [_thread_in_native, id=14632, stack(0x00000089bfd00000,0x00000089bfe00000)]
=>0x000001b3a10629c0 JavaThread "C1 CompilerThread0" daemon [_thread_in_native, id=1724, stack(0x00000089bfe00000,0x00000089bff00000)]
  0x000001b3a1064ab0 JavaThread "Sweeper thread" daemon [_thread_blocked, id=6832, stack(0x00000089bff00000,0x00000089c0000000)]
  0x000001b3a1e895c0 JavaThread "Notification Thread" daemon [_thread_blocked, id=4672, stack(0x00000089c0000000,0x00000089c0100000)]
  0x000001b3a1ea8ff0 JavaThread "Common-Cleaner" daemon [_thread_blocked, id=14968, stack(0x00000089c0200000,0x00000089c0300000)]
  0x000001b3a53fdfd0 JavaThread "Catalina-utility-1" [_thread_blocked, id=412, stack(0x00000089c0b00000,0x00000089c0c00000)]
  0x000001b3a544b810 JavaThread "Catalina-utility-2" [_thread_blocked, id=14520, stack(0x00000089c0e00000,0x00000089c0f00000)]
  0x000001b3a5b12010 JavaThread "container-0" [_thread_blocked, id=12752, stack(0x00000089c0f00000,0x00000089c1000000)]
  0x000001b3a51b7090 JavaThread "Abandoned connection cleanup thread" daemon [_thread_blocked, id=13264, stack(0x00000089c1000000,0x00000089c1100000)]
  0x000001b3a3f75910 JavaThread "HikariPool-1 housekeeper" daemon [_thread_blocked, id=13328, stack(0x00000089c1200000,0x00000089c1300000)]
  0x000001b3a1daabb0 JavaThread "spring.cloud.inetutils" daemon [_thread_blocked, id=12276, stack(0x00000089c1300000,0x00000089c1400000)]
  0x000001b3a1dab550 JavaThread "AsyncResolver-bootstrap-0" daemon [_thread_blocked, id=8184, stack(0x00000089c1400000,0x00000089c1500000)]
  0x000001b3a1da8530 JavaThread "DiscoveryClient-0" daemon [_thread_blocked, id=11056, stack(0x00000089c1500000,0x00000089c1600000)]
  0x000001b3a1da8060 JavaThread "DiscoveryClient-1" daemon [_thread_blocked, id=6388, stack(0x00000089c1600000,0x00000089c1700000)]
  0x000001b3a1daa210 JavaThread "DiscoveryClient-InstanceInfoReplicator-0" daemon [_thread_blocked, id=11044, stack(0x00000089c1700000,0x00000089c1800000)]
  0x000001b3a1dab080 JavaThread "http-nio-8082-exec-1" daemon [_thread_blocked, id=7328, stack(0x00000089c1800000,0x00000089c1900000)]
  0x000001b3a1daba20 JavaThread "http-nio-8082-exec-2" daemon [_thread_blocked, id=3832, stack(0x00000089c1900000,0x00000089c1a00000)]
  0x000001b3a1da9870 JavaThread "http-nio-8082-exec-3" daemon [_thread_blocked, id=13184, stack(0x00000089c1a00000,0x00000089c1b00000)]
  0x000001b3a1da8ed0 JavaThread "http-nio-8082-exec-4" daemon [_thread_blocked, id=7524, stack(0x00000089c1b00000,0x00000089c1c00000)]
  0x000001b3a1da8a00 JavaThread "http-nio-8082-exec-5" daemon [_thread_in_vm, id=13972, stack(0x00000089c1c00000,0x00000089c1d00000)]
  0x000001b3a1da93a0 JavaThread "http-nio-8082-exec-6" daemon [_thread_blocked, id=5644, stack(0x00000089c1d00000,0x00000089c1e00000)]
  0x000001b3a1da9d40 JavaThread "http-nio-8082-exec-7" daemon [_thread_blocked, id=2536, stack(0x00000089c1e00000,0x00000089c1f00000)]
  0x000001b3a5893380 JavaThread "http-nio-8082-exec-8" daemon [_thread_blocked, id=6820, stack(0x00000089c1f00000,0x00000089c2000000)]
  0x000001b3a588dce0 JavaThread "http-nio-8082-exec-9" daemon [_thread_blocked, id=4636, stack(0x00000089c2000000,0x00000089c2100000)]
  0x000001b3a5893d20 JavaThread "http-nio-8082-exec-10" daemon [_thread_blocked, id=7648, stack(0x00000089c2100000,0x00000089c2200000)]
  0x000001b3a58941f0 JavaThread "http-nio-8082-Poller" daemon [_thread_in_native, id=2732, stack(0x00000089c2200000,0x00000089c2300000)]
  0x000001b3a5892040 JavaThread "http-nio-8082-Acceptor" daemon [_thread_in_native, id=13560, stack(0x00000089c2300000,0x00000089c2400000)]
  0x000001b3a5892eb0 JavaThread "DestroyJavaVM" [_thread_blocked, id=10952, stack(0x00000089bf000000,0x00000089bf100000)]
  0x000001b3a58929e0 JavaThread "DiscoveryClient-HeartbeatExecutor-0" daemon [_thread_blocked, id=1240, stack(0x00000089c2600000,0x00000089c2700000)]
  0x000001b3a588d340 JavaThread "DiscoveryClient-CacheRefreshExecutor-0" daemon [_thread_blocked, id=9012, stack(0x00000089c2700000,0x00000089c2800000)]

Other Threads:
  0x000001b3a1002b90 VMThread "VM Thread" [stack: 0x00000089bf600000,0x00000089bf700000] [id=12828]
  0x000001b3a1e8aaa0 WatcherThread [stack: 0x00000089c0100000,0x00000089c0200000] [id=1008]
  0x000001b3899802c0 GCTaskThread "GC Thread#0" [stack: 0x00000089bf100000,0x00000089bf200000] [id=10724]
  0x000001b3a350e010 GCTaskThread "GC Thread#1" [stack: 0x00000089c0300000,0x00000089c0400000] [id=7920]
  0x000001b3a3521c80 GCTaskThread "GC Thread#2" [stack: 0x00000089c0400000,0x00000089c0500000] [id=728]
  0x000001b3a2692820 GCTaskThread "GC Thread#3" [stack: 0x00000089c0500000,0x00000089c0600000] [id=13512]
  0x000001b3a33e6da0 GCTaskThread "GC Thread#4" [stack: 0x00000089c0600000,0x00000089c0700000] [id=1084]
  0x000001b3a33e8070 GCTaskThread "GC Thread#5" [stack: 0x00000089c0700000,0x00000089c0800000] [id=5788]
  0x000001b3a33e7300 GCTaskThread "GC Thread#6" [stack: 0x00000089c0800000,0x00000089c0900000] [id=11904]
  0x000001b3a33e7860 GCTaskThread "GC Thread#7" [stack: 0x00000089c0c00000,0x00000089c0d00000] [id=4996]
  0x000001b38998a5f0 ConcurrentGCThread "G1 Main Marker" [stack: 0x00000089bf200000,0x00000089bf300000] [id=9668]
  0x000001b38998b8c0 ConcurrentGCThread "G1 Conc#0" [stack: 0x00000089bf300000,0x00000089bf400000] [id=5520]
  0x000001b3a33e8320 ConcurrentGCThread "G1 Conc#1" [stack: 0x00000089c0d00000,0x00000089c0e00000] [id=2428]
  0x000001b3899dda30 ConcurrentGCThread "G1 Refine#0" [stack: 0x00000089bf400000,0x00000089bf500000] [id=7540]
  0x000001b3a3329c90 ConcurrentGCThread "G1 Refine#1" [stack: 0x00000089c0900000,0x00000089c0a00000] [id=5292]
  0x000001b3a3549cb0 ConcurrentGCThread "G1 Refine#2" [stack: 0x00000089c0a00000,0x00000089c0b00000] [id=10524]
  0x000001b3899de200 ConcurrentGCThread "G1 Service" [stack: 0x00000089bf500000,0x00000089bf600000] [id=7688]

Threads with active compile tasks:
C2 CompilerThread0   196625 7073       4       java.lang.PublicMethods::merge (81 bytes)
C1 CompilerThread0   196625 7086       3       jdk.internal.org.objectweb.asm.Frame::execute (2305 bytes)

VM state: not at safepoint (normal execution)

VM Mutex/Monitor currently owned by a thread: None

Heap address: 0x00000000c5a00000, size: 934 MB, Compressed Oops mode: 32-bit

CDS archive(s) not mapped
Compressed class space mapped at: 0x0000000100000000-0x0000000140000000, reserved size: 1073741824
Narrow klass base: 0x0000000000000000, Narrow klass shift: 3, Narrow klass range: 0x140000000

GC Precious Log:
 CPUs: 8 total, 8 available
 Memory: 3732M
 Large Page Support: Disabled
 NUMA Support: Disabled
 Compressed Oops: Enabled (32-bit)
 Heap Region Size: 1M
 Heap Min Capacity: 8M
 Heap Initial Capacity: 60M
 Heap Max Capacity: 934M
 Pre-touch: Disabled
 Parallel Workers: 8
 Concurrent Workers: 2
 Concurrent Refinement Workers: 8
 Periodic GC: Disabled

Heap:
 garbage-first heap   total 71680K, used 46659K [0x00000000c5a00000, 0x0000000100000000)
  region size 1024K, 9 young (9216K), 2 survivors (2048K)
 Metaspace       used 82291K, committed 82688K, reserved 1122304K
  class space    used 10664K, committed 10880K, reserved 1048576K

Heap Regions: E=young(eden), S=young(survivor), O=old, HS=humongous(starts), HC=humongous(continues), CS=collection set, F=free, OA=open archive, CA=closed archive, TAMS=top-at-mark-start (previous, next)
|   0|0x00000000c5a00000, 0x00000000c5b00000, 0x00000000c5b00000|100%|HS|  |TAMS 0x00000000c5b00000, 0x00000000c5a00000| Complete 
|   1|0x00000000c5b00000, 0x00000000c5c00000, 0x00000000c5c00000|100%| O|  |TAMS 0x00000000c5c00000, 0x00000000c5b00000| Untracked 
|   2|0x00000000c5c00000, 0x00000000c5d00000, 0x00000000c5d00000|100%| O|  |TAMS 0x00000000c5d00000, 0x00000000c5c00000| Untracked 
|   3|0x00000000c5d00000, 0x00000000c5e00000, 0x00000000c5e00000|100%| O|  |TAMS 0x00000000c5e00000, 0x00000000c5d00000| Untracked 
|   4|0x00000000c5e00000, 0x00000000c5f00000, 0x00000000c5f00000|100%| O|  |TAMS 0x00000000c5f00000, 0x00000000c5e00000| Untracked 
|   5|0x00000000c5f00000, 0x00000000c6000000, 0x00000000c6000000|100%| O|  |TAMS 0x00000000c6000000, 0x00000000c5f00000| Untracked 
|   6|0x00000000c6000000, 0x00000000c6100000, 0x00000000c6100000|100%| O|  |TAMS 0x00000000c6100000, 0x00000000c6000000| Untracked 
|   7|0x00000000c6100000, 0x00000000c6200000, 0x00000000c6200000|100%| O|  |TAMS 0x00000000c6200000, 0x00000000c6100000| Untracked 
|   8|0x00000000c6200000, 0x00000000c6300000, 0x00000000c6300000|100%| O|  |TAMS 0x00000000c6300000, 0x00000000c6200000| Untracked 
|   9|0x00000000c6300000, 0x00000000c6400000, 0x00000000c6400000|100%| O|  |TAMS 0x00000000c6400000, 0x00000000c6300000| Untracked 
|  10|0x00000000c6400000, 0x00000000c6500000, 0x00000000c6500000|100%| O|  |TAMS 0x00000000c6500000, 0x00000000c6400000| Untracked 
|  11|0x00000000c6500000, 0x00000000c6600000, 0x00000000c6600000|100%| O|  |TAMS 0x00000000c6600000, 0x00000000c6500000| Untracked 
|  12|0x00000000c6600000, 0x00000000c6700000, 0x00000000c6700000|100%| O|  |TAMS 0x00000000c6700000, 0x00000000c6600000| Untracked 
|  13|0x00000000c6700000, 0x00000000c6800000, 0x00000000c6800000|100%| O|  |TAMS 0x00000000c6800000, 0x00000000c6700000| Untracked 
|  14|0x00000000c6800000, 0x00000000c685aa00, 0x00000000c6900000| 35%| O|  |TAMS 0x00000000c685aa00, 0x00000000c6800000| Complete 
|  15|0x00000000c6900000, 0x00000000c6a00000, 0x00000000c6a00000|100%| O|  |TAMS 0x00000000c6a00000, 0x00000000c6900000| Untracked 
|  16|0x00000000c6a00000, 0x00000000c6b00000, 0x00000000c6b00000|100%| O|  |TAMS 0x00000000c6b00000, 0x00000000c6a00000| Untracked 
|  17|0x00000000c6b00000, 0x00000000c6c00000, 0x00000000c6c00000|100%| O|  |TAMS 0x00000000c6c00000, 0x00000000c6b00000| Untracked 
|  18|0x00000000c6c00000, 0x00000000c6d00000, 0x00000000c6d00000|100%| O|  |TAMS 0x00000000c6d00000, 0x00000000c6c00000| Untracked 
|  19|0x00000000c6d00000, 0x00000000c6e00000, 0x00000000c6e00000|100%| O|  |TAMS 0x00000000c6e00000, 0x00000000c6d00000| Untracked 
|  20|0x00000000c6e00000, 0x00000000c6f00000, 0x00000000c6f00000|100%| O|  |TAMS 0x00000000c6f00000, 0x00000000c6e00000| Untracked 
|  21|0x00000000c6f00000, 0x00000000c7000000, 0x00000000c7000000|100%| O|  |TAMS 0x00000000c7000000, 0x00000000c6f00000| Untracked 
|  22|0x00000000c7000000, 0x00000000c7100000, 0x00000000c7100000|100%| O|  |TAMS 0x00000000c7100000, 0x00000000c7000000| Untracked 
|  23|0x00000000c7100000, 0x00000000c7200000, 0x00000000c7200000|100%| O|  |TAMS 0x00000000c7200000, 0x00000000c7100000| Untracked 
|  24|0x00000000c7200000, 0x00000000c7300000, 0x00000000c7300000|100%| O|  |TAMS 0x00000000c7300000, 0x00000000c7200000| Untracked 
|  25|0x00000000c7300000, 0x00000000c7400000, 0x00000000c7400000|100%| O|  |TAMS 0x00000000c7400000, 0x00000000c7300000| Untracked 
|  26|0x00000000c7400000, 0x00000000c7500000, 0x00000000c7500000|100%| O|  |TAMS 0x00000000c7500000, 0x00000000c7400000| Untracked 
|  27|0x00000000c7500000, 0x00000000c7600000, 0x00000000c7600000|100%| O|  |TAMS 0x00000000c7600000, 0x00000000c7500000| Untracked 
|  28|0x00000000c7600000, 0x00000000c7700000, 0x00000000c7700000|100%| O|  |TAMS 0x00000000c7700000, 0x00000000c7600000| Untracked 
|  29|0x00000000c7700000, 0x00000000c7800000, 0x00000000c7800000|100%| O|  |TAMS 0x00000000c7800000, 0x00000000c7700000| Untracked 
|  30|0x00000000c7800000, 0x00000000c7900000, 0x00000000c7900000|100%| O|  |TAMS 0x00000000c7900000, 0x00000000c7800000| Untracked 
|  31|0x00000000c7900000, 0x00000000c7a00000, 0x00000000c7a00000|100%| O|  |TAMS 0x00000000c7a00000, 0x00000000c7900000| Untracked 
|  32|0x00000000c7a00000, 0x00000000c7b00000, 0x00000000c7b00000|100%| O|  |TAMS 0x00000000c7b00000, 0x00000000c7a00000| Untracked 
|  33|0x00000000c7b00000, 0x00000000c7c00000, 0x00000000c7c00000|100%| O|  |TAMS 0x00000000c7c00000, 0x00000000c7b00000| Untracked 
|  34|0x00000000c7c00000, 0x00000000c7d00000, 0x00000000c7d00000|100%| O|  |TAMS 0x00000000c7d00000, 0x00000000c7c00000| Complete 
|  35|0x00000000c7d00000, 0x00000000c7e00000, 0x00000000c7e00000|100%| O|  |TAMS 0x00000000c7e00000, 0x00000000c7d00000| Untracked 
|  36|0x00000000c7e00000, 0x00000000c7f00000, 0x00000000c7f00000|100%| O|  |TAMS 0x00000000c7e77200, 0x00000000c7e00000| Untracked 
|  37|0x00000000c7f00000, 0x00000000c8000000, 0x00000000c8000000|100%| O|  |TAMS 0x00000000c7f00000, 0x00000000c7f00000| Untracked 
|  38|0x00000000c8000000, 0x00000000c80f2800, 0x00000000c8100000| 94%| O|  |TAMS 0x00000000c8000000, 0x00000000c8000000| Untracked 
|  39|0x00000000c8100000, 0x00000000c8100000, 0x00000000c8200000|  0%| F|  |TAMS 0x00000000c8100000, 0x00000000c8100000| Untracked 
|  40|0x00000000c8200000, 0x00000000c8200000, 0x00000000c8300000|  0%| F|  |TAMS 0x00000000c8200000, 0x00000000c8200000| Untracked 
|  41|0x00000000c8300000, 0x00000000c8300000, 0x00000000c8400000|  0%| F|  |TAMS 0x00000000c8300000, 0x00000000c8300000| Untracked 
|  42|0x00000000c8400000, 0x00000000c8400000, 0x00000000c8500000|  0%| F|  |TAMS 0x00000000c8400000, 0x00000000c8400000| Untracked 
|  43|0x00000000c8500000, 0x00000000c8500000, 0x00000000c8600000|  0%| F|  |TAMS 0x00000000c8500000, 0x00000000c8500000| Untracked 
|  44|0x00000000c8600000, 0x00000000c8600000, 0x00000000c8700000|  0%| F|  |TAMS 0x00000000c8600000, 0x00000000c8600000| Untracked 
|  45|0x00000000c8700000, 0x00000000c8700000, 0x00000000c8800000|  0%| F|  |TAMS 0x00000000c8700000, 0x00000000c8700000| Untracked 
|  46|0x00000000c8800000, 0x00000000c8800000, 0x00000000c8900000|  0%| F|  |TAMS 0x00000000c8800000, 0x00000000c8800000| Untracked 
|  47|0x00000000c8900000, 0x00000000c8900000, 0x00000000c8a00000|  0%| F|  |TAMS 0x00000000c8900000, 0x00000000c8900000| Untracked 
|  48|0x00000000c8a00000, 0x00000000c8a00000, 0x00000000c8b00000|  0%| F|  |TAMS 0x00000000c8a00000, 0x00000000c8a00000| Untracked 
|  49|0x00000000c8b00000, 0x00000000c8b00000, 0x00000000c8c00000|  0%| F|  |TAMS 0x00000000c8b00000, 0x00000000c8b00000| Untracked 
|  50|0x00000000c8c00000, 0x00000000c8c00000, 0x00000000c8d00000|  0%| F|  |TAMS 0x00000000c8c00000, 0x00000000c8c00000| Untracked 
|  51|0x00000000c8d00000, 0x00000000c8d43b98, 0x00000000c8e00000| 26%| S|CS|TAMS 0x00000000c8d00000, 0x00000000c8d00000| Complete 
|  52|0x00000000c8e00000, 0x00000000c8f00000, 0x00000000c8f00000|100%| S|CS|TAMS 0x00000000c8e00000, 0x00000000c8e00000| Complete 
|  53|0x00000000c8f00000, 0x00000000c8f00000, 0x00000000c9000000|  0%| F|  |TAMS 0x00000000c8f00000, 0x00000000c8f00000| Untracked 
|  54|0x00000000c9000000, 0x00000000c9000000, 0x00000000c9100000|  0%| F|  |TAMS 0x00000000c9000000, 0x00000000c9000000| Untracked 
|  55|0x00000000c9100000, 0x00000000c9100000, 0x00000000c9200000|  0%| F|  |TAMS 0x00000000c9100000, 0x00000000c9100000| Untracked 
|  56|0x00000000c9200000, 0x00000000c9200000, 0x00000000c9300000|  0%| F|  |TAMS 0x00000000c9200000, 0x00000000c9200000| Untracked 
|  57|0x00000000c9300000, 0x00000000c9300000, 0x00000000c9400000|  0%| F|  |TAMS 0x00000000c9300000, 0x00000000c9300000| Untracked 
|  58|0x00000000c9400000, 0x00000000c9400000, 0x00000000c9500000|  0%| F|  |TAMS 0x00000000c9400000, 0x00000000c9400000| Untracked 
|  59|0x00000000c9500000, 0x00000000c9500000, 0x00000000c9600000|  0%| F|  |TAMS 0x00000000c9500000, 0x00000000c9500000| Untracked 
|  60|0x00000000c9600000, 0x00000000c9600000, 0x00000000c9700000|  0%| F|  |TAMS 0x00000000c9600000, 0x00000000c9600000| Untracked 
|  61|0x00000000c9700000, 0x00000000c9700000, 0x00000000c9800000|  0%| F|  |TAMS 0x00000000c9700000, 0x00000000c9700000| Untracked 
|  62|0x00000000c9800000, 0x00000000c9800000, 0x00000000c9900000|  0%| F|  |TAMS 0x00000000c9800000, 0x00000000c9800000| Untracked 
|  63|0x00000000c9900000, 0x00000000c995d508, 0x00000000c9a00000| 36%| E|  |TAMS 0x00000000c9900000, 0x00000000c9900000| Complete 
|  64|0x00000000c9a00000, 0x00000000c9b00000, 0x00000000c9b00000|100%| E|CS|TAMS 0x00000000c9a00000, 0x00000000c9a00000| Complete 
|  65|0x00000000c9b00000, 0x00000000c9c00000, 0x00000000c9c00000|100%| E|CS|TAMS 0x00000000c9b00000, 0x00000000c9b00000| Complete 
|  66|0x00000000c9c00000, 0x00000000c9d00000, 0x00000000c9d00000|100%| E|CS|TAMS 0x00000000c9c00000, 0x00000000c9c00000| Complete 
|  67|0x00000000c9d00000, 0x00000000c9e00000, 0x00000000c9e00000|100%| E|CS|TAMS 0x00000000c9d00000, 0x00000000c9d00000| Complete 
|  68|0x00000000c9e00000, 0x00000000c9f00000, 0x00000000c9f00000|100%| E|CS|TAMS 0x00000000c9e00000, 0x00000000c9e00000| Complete 
|  76|0x00000000ca600000, 0x00000000ca700000, 0x00000000ca700000|100%| E|CS|TAMS 0x00000000ca600000, 0x00000000ca600000| Complete 

Card table byte_map: [0x000001b39c500000,0x000001b39c6e0000] _byte_map_base: 0x000001b39bed3000

Marking Bits (Prev, Next): (CMBitMap*) 0x000001b389982840, (CMBitMap*) 0x000001b389982800
 Prev Bits: [0x000001b39d760000, 0x000001b39e5f8000)
 Next Bits: [0x000001b39c8c0000, 0x000001b39d758000)

Polling page: 0x000001b3878d0000

Metaspace:

Usage:
  Non-class:     69.95 MB used.
      Class:     10.41 MB used.
       Both:     80.36 MB used.

Virtual space:
  Non-class space:       72.00 MB reserved,      70.12 MB ( 97%) committed,  9 nodes.
      Class space:        1.00 GB reserved,      10.62 MB (  1%) committed,  1 nodes.
             Both:        1.07 GB reserved,      80.75 MB (  7%) committed. 

Chunk freelists:
   Non-Class:  1.50 MB
       Class:  1.30 MB
        Both:  2.80 MB

MaxMetaspaceSize: unlimited
CompressedClassSpaceSize: 1.00 GB
Initial GC threshold: 21.00 MB
Current GC threshold: 133.75 MB
CDS: off
MetaspaceReclaimPolicy: balanced
 - commit_granule_bytes: 65536.
 - commit_granule_words: 8192.
 - virtual_space_node_default_size: 1048576.
 - enlarge_chunks_in_place: 1.
 - new_chunks_are_fully_committed: 0.
 - uncommit_free_chunks: 1.
 - use_allocation_guard: 0.
 - handle_deallocations: 1.


Internal statistics:

num_allocs_failed_limit: 9.
num_arena_births: 546.
num_arena_deaths: 0.
num_vsnodes_births: 10.
num_vsnodes_deaths: 0.
num_space_committed: 1292.
num_space_uncommitted: 0.
num_chunks_returned_to_freelist: 9.
num_chunks_taken_from_freelist: 3149.
num_chunk_merges: 9.
num_chunk_splits: 2253.
num_chunks_enlarged: 1814.
num_purges: 0.
num_inconsistent_stats: 0.

CodeHeap 'non-profiled nmethods': size=120000Kb used=3272Kb max_used=3272Kb free=116727Kb
 bounds [0x000001b394ac0000, 0x000001b394e10000, 0x000001b39bff0000]
CodeHeap 'profiled nmethods': size=120000Kb used=11699Kb max_used=11699Kb free=108300Kb
 bounds [0x000001b38d590000, 0x000001b38e100000, 0x000001b394ac0000]
CodeHeap 'non-nmethods': size=5760Kb used=1356Kb max_used=1413Kb free=4403Kb
 bounds [0x000001b38cff0000, 0x000001b38d260000, 0x000001b38d590000]
 total_blobs=6895 nmethods=6200 adapters=607
 compilation: enabled
              stopped_count=0, restarted_count=0
 full_count=0

Compilation events (20 events):
Event: 196.466 Thread 0x000001b3a10629c0 7067       3       sun.util.locale.LanguageTag::<init> (50 bytes)
Event: 196.467 Thread 0x000001b3a10629c0 nmethod 7067 0x000001b38e0f6010 code [0x000001b38e0f6200, 0x000001b38e0f6798]
Event: 196.467 Thread 0x000001b3a10629c0 7068       3       org.apache.tomcat.util.buf.MessageBytes::toString (88 bytes)
Event: 196.469 Thread 0x000001b3a10629c0 nmethod 7068 0x000001b38e0f6890 code [0x000001b38e0f6aa0, 0x000001b38e0f7318]
Event: 196.469 Thread 0x000001b3a10629c0 7070   !   3       java.util.concurrent.ConcurrentHashMap::putVal (432 bytes)
Event: 196.471 Thread 0x000001b3a10629c0 nmethod 7070 0x000001b38e0f7490 code [0x000001b38e0f77e0, 0x000001b38e0f92a8]
Event: 196.471 Thread 0x000001b3a10629c0 7069       3       org.springframework.security.web.firewall.StrictHttpFirewall::valueContains (18 bytes)
Event: 196.472 Thread 0x000001b3a10629c0 nmethod 7069 0x000001b38e0f9c10 code [0x000001b38e0f9dc0, 0x000001b38e0fa0a8]
Event: 196.486 Thread 0x000001b3a10629c0 7071       3       java.util.Spliterators::spliterator (25 bytes)
Event: 196.487 Thread 0x000001b3a10629c0 nmethod 7071 0x000001b38e0fa210 code [0x000001b38e0fa3e0, 0x000001b38e0fa818]
Event: 196.489 Thread 0x000001b3a1062010 7072       4       java.util.Spliterators$ArraySpliterator::tryAdvance (58 bytes)
Event: 196.492 Thread 0x000001b3a1062010 nmethod 7072 0x000001b394c73910 code [0x000001b394c73aa0, 0x000001b394c73c38]
Event: 196.537 Thread 0x000001b3a1062010 7073       4       java.lang.PublicMethods::merge (81 bytes)
Event: 196.539 Thread 0x000001b3a10629c0 7076       3       java.lang.reflect.Proxy$ProxyBuilder::referencedTypes (113 bytes)
Event: 196.541 Thread 0x000001b3a10629c0 nmethod 7076 0x000001b38e0faa10 code [0x000001b38e0face0, 0x000001b38e0fbd68]
Event: 196.541 Thread 0x000001b3a10629c0 7077       3       java.util.Arrays::hashCode (56 bytes)
Event: 196.542 Thread 0x000001b3a10629c0 nmethod 7077 0x000001b38e0fc390 code [0x000001b38e0fc540, 0x000001b38e0fc8a8]
Event: 196.542 Thread 0x000001b3a10629c0 7079       3       java.lang.Long::stringSize (55 bytes)
Event: 196.542 Thread 0x000001b3a10629c0 nmethod 7079 0x000001b38e0fca10 code [0x000001b38e0fcbc0, 0x000001b38e0fce58]
Event: 196.552 Thread 0x000001b3a10629c0 7086       3       jdk.internal.org.objectweb.asm.Frame::execute (2305 bytes)

GC Heap History (20 events):
Event: 8.324 GC heap before
{Heap before GC invocations=12 (full 0):
 garbage-first heap   total 71680K, used 58936K [0x00000000c5a00000, 0x0000000100000000)
  region size 1024K, 42 young (43008K), 5 survivors (5120K)
 Metaspace       used 40764K, committed 41088K, reserved 1089536K
  class space    used 4894K, committed 5056K, reserved 1048576K
}
Event: 8.331 GC heap after
{Heap after GC invocations=13 (full 0):
 garbage-first heap   total 71680K, used 21717K [0x00000000c5a00000, 0x0000000100000000)
  region size 1024K, 6 young (6144K), 6 survivors (6144K)
 Metaspace       used 40764K, committed 41088K, reserved 1089536K
  class space    used 4894K, committed 5056K, reserved 1048576K
}
Event: 9.923 GC heap before
{Heap before GC invocations=13 (full 0):
 garbage-first heap   total 71680K, used 52437K [0x00000000c5a00000, 0x0000000100000000)
  region size 1024K, 36 young (36864K), 6 survivors (6144K)
 Metaspace       used 49696K, committed 49984K, reserved 1097728K
  class space    used 6165K, committed 6272K, reserved 1048576K
}
Event: 9.931 GC heap after
{Heap after GC invocations=14 (full 0):
 garbage-first heap   total 71680K, used 24784K [0x00000000c5a00000, 0x0000000100000000)
  region size 1024K, 4 young (4096K), 4 survivors (4096K)
 Metaspace       used 49696K, committed 49984K, reserved 1097728K
  class space    used 6165K, committed 6272K, reserved 1048576K
}
Event: 11.233 GC heap before
{Heap before GC invocations=14 (full 0):
 garbage-first heap   total 71680K, used 53456K [0x00000000c5a00000, 0x0000000100000000)
  region size 1024K, 32 young (32768K), 4 survivors (4096K)
 Metaspace       used 56647K, committed 57024K, reserved 1105920K
  class space    used 7238K, committed 7424K, reserved 1048576K
}
Event: 11.238 GC heap after
{Heap after GC invocations=15 (full 0):
 garbage-first heap   total 71680K, used 26060K [0x00000000c5a00000, 0x0000000100000000)
  region size 1024K, 2 young (2048K), 2 survivors (2048K)
 Metaspace       used 56647K, committed 57024K, reserved 1105920K
  class space    used 7238K, committed 7424K, reserved 1048576K
}
Event: 12.384 GC heap before
{Heap before GC invocations=15 (full 0):
 garbage-first heap   total 71680K, used 46540K [0x00000000c5a00000, 0x0000000100000000)
  region size 1024K, 23 young (23552K), 2 survivors (2048K)
 Metaspace       used 59813K, committed 60160K, reserved 1105920K
  class space    used 7663K, committed 7808K, reserved 1048576K
}
Event: 12.388 GC heap after
{Heap after GC invocations=16 (full 0):
 garbage-first heap   total 71680K, used 27413K [0x00000000c5a00000, 0x0000000100000000)
  region size 1024K, 3 young (3072K), 3 survivors (3072K)
 Metaspace       used 59813K, committed 60160K, reserved 1105920K
  class space    used 7663K, committed 7808K, reserved 1048576K
}
Event: 13.284 GC heap before
{Heap before GC invocations=17 (full 0):
 garbage-first heap   total 71680K, used 56085K [0x00000000c5a00000, 0x0000000100000000)
  region size 1024K, 31 young (31744K), 3 survivors (3072K)
 Metaspace       used 64240K, committed 64640K, reserved 1105920K
  class space    used 8215K, committed 8384K, reserved 1048576K
}
Event: 13.290 GC heap after
{Heap after GC invocations=18 (full 0):
 garbage-first heap   total 71680K, used 30365K [0x00000000c5a00000, 0x0000000100000000)
  region size 1024K, 4 young (4096K), 4 survivors (4096K)
 Metaspace       used 64240K, committed 64640K, reserved 1105920K
  class space    used 8215K, committed 8384K, reserved 1048576K
}
Event: 14.322 GC heap before
{Heap before GC invocations=18 (full 0):
 garbage-first heap   total 71680K, used 54941K [0x00000000c5a00000, 0x0000000100000000)
  region size 1024K, 29 young (29696K), 4 survivors (4096K)
 Metaspace       used 68622K, committed 68992K, reserved 1114112K
  class space    used 8786K, committed 8960K, reserved 1048576K
}
Event: 14.330 GC heap after
{Heap after GC invocations=19 (full 0):
 garbage-first heap   total 71680K, used 32445K [0x00000000c5a00000, 0x0000000100000000)
  region size 1024K, 3 young (3072K), 3 survivors (3072K)
 Metaspace       used 68622K, committed 68992K, reserved 1114112K
  class space    used 8786K, committed 8960K, reserved 1048576K
}
Event: 15.183 GC heap before
{Heap before GC invocations=19 (full 0):
 garbage-first heap   total 71680K, used 55997K [0x00000000c5a00000, 0x0000000100000000)
  region size 1024K, 26 young (26624K), 3 survivors (3072K)
 Metaspace       used 71737K, committed 72128K, reserved 1114112K
  class space    used 9242K, committed 9408K, reserved 1048576K
}
Event: 15.189 GC heap after
{Heap after GC invocations=20 (full 0):
 garbage-first heap   total 71680K, used 34847K [0x00000000c5a00000, 0x0000000100000000)
  region size 1024K, 3 young (3072K), 3 survivors (3072K)
 Metaspace       used 71737K, committed 72128K, reserved 1114112K
  class space    used 9242K, committed 9408K, reserved 1048576K
}
Event: 16.016 GC heap before
{Heap before GC invocations=20 (full 0):
 garbage-first heap   total 71680K, used 56351K [0x00000000c5a00000, 0x0000000100000000)
  region size 1024K, 24 young (24576K), 3 survivors (3072K)
 Metaspace       used 73086K, committed 73408K, reserved 1114112K
  class space    used 9445K, committed 9600K, reserved 1048576K
}
Event: 16.023 GC heap after
{Heap after GC invocations=21 (full 0):
 garbage-first heap   total 71680K, used 36693K [0x00000000c5a00000, 0x0000000100000000)
  region size 1024K, 2 young (2048K), 2 survivors (2048K)
 Metaspace       used 73086K, committed 73408K, reserved 1114112K
  class space    used 9445K, committed 9600K, reserved 1048576K
}
Event: 17.376 GC heap before
{Heap before GC invocations=22 (full 0):
 garbage-first heap   total 71680K, used 57173K [0x00000000c5a00000, 0x0000000100000000)
  region size 1024K, 22 young (22528K), 2 survivors (2048K)
 Metaspace       used 78001K, committed 78400K, reserved 1122304K
  class space    used 10134K, committed 10304K, reserved 1048576K
}
Event: 17.383 GC heap after
{Heap after GC invocations=23 (full 0):
 garbage-first heap   total 71680K, used 39287K [0x00000000c5a00000, 0x0000000100000000)
  region size 1024K, 3 young (3072K), 3 survivors (3072K)
 Metaspace       used 78001K, committed 78400K, reserved 1122304K
  class space    used 10134K, committed 10304K, reserved 1048576K
}
Event: 187.534 GC heap before
{Heap before GC invocations=23 (full 0):
 garbage-first heap   total 71680K, used 56695K [0x00000000c5a00000, 0x0000000100000000)
  region size 1024K, 20 young (20480K), 3 survivors (3072K)
 Metaspace       used 81501K, committed 81920K, reserved 1122304K
  class space    used 10574K, committed 10752K, reserved 1048576K
}
Event: 187.589 GC heap after
{Heap after GC invocations=24 (full 0):
 garbage-first heap   total 71680K, used 40515K [0x00000000c5a00000, 0x0000000100000000)
  region size 1024K, 2 young (2048K), 2 survivors (2048K)
 Metaspace       used 81501K, committed 81920K, reserved 1122304K
  class space    used 10574K, committed 10752K, reserved 1048576K
}

Deoptimization events (20 events):
Event: 187.937 Thread 0x000001b3a1dab080 Uncommon trap: trap_request=0xffffff45 fr.pc=0x000001b394d31130 relative=0x0000000000000450
Event: 187.937 Thread 0x000001b3a1dab080 Uncommon trap: reason=unstable_if action=reinterpret pc=0x000001b394d31130 method=jdk.internal.org.objectweb.asm.Frame.merge(Ljdk/internal/org/objectweb/asm/SymbolTable;I[II)Z @ 305 c2
Event: 187.937 Thread 0x000001b3a1dab080 DEOPT PACKING pc=0x000001b394d31130 sp=0x00000089c18fb7a0
Event: 187.937 Thread 0x000001b3a1dab080 DEOPT UNPACKING pc=0x000001b38d0423a3 sp=0x00000089c18fb720 mode 2
Event: 188.006 Thread 0x000001b3a1dab080 Uncommon trap: trap_request=0xffffffde fr.pc=0x000001b394d840c0 relative=0x0000000000004ea0
Event: 188.006 Thread 0x000001b3a1dab080 Uncommon trap: reason=class_check action=maybe_recompile pc=0x000001b394d840c0 method=jdk.internal.reflect.Reflection.filterMethods(Ljava/lang/Class;[Ljava/lang/reflect/Method;)[Ljava/lang/reflect/Method; @ 13 c2
Event: 188.006 Thread 0x000001b3a1dab080 DEOPT PACKING pc=0x000001b394d840c0 sp=0x00000089c18fb9b0
Event: 188.006 Thread 0x000001b3a1dab080 DEOPT UNPACKING pc=0x000001b38d0423a3 sp=0x00000089c18fb8b8 mode 2
Event: 196.548 Thread 0x000001b3a1da8a00 Uncommon trap: trap_request=0xffffff45 fr.pc=0x000001b394cf4108 relative=0x0000000000007048
Event: 196.551 Thread 0x000001b3a1da8a00 Uncommon trap: reason=unstable_if action=reinterpret pc=0x000001b394cf4108 method=jdk.internal.org.objectweb.asm.Frame.execute(IILjdk/internal/org/objectweb/asm/Symbol;Ljdk/internal/org/objectweb/asm/SymbolTable;)V @ 1 c2
Event: 196.551 Thread 0x000001b3a1da8a00 DEOPT PACKING pc=0x000001b394cf4108 sp=0x00000089c1cfbd00
Event: 196.551 Thread 0x000001b3a1da8a00 DEOPT UNPACKING pc=0x000001b38d0423a3 sp=0x00000089c1cfbcb8 mode 2
Event: 196.552 Thread 0x000001b3a1da8a00 Uncommon trap: trap_request=0xffffff45 fr.pc=0x000001b394ba034c relative=0x000000000000012c
Event: 196.552 Thread 0x000001b3a1da8a00 Uncommon trap: reason=unstable_if action=reinterpret pc=0x000001b394ba034c method=java.lang.invoke.MethodType.checkPtypes([Ljava/lang/Class;)I @ 47 c2
Event: 196.552 Thread 0x000001b3a1da8a00 DEOPT PACKING pc=0x000001b394ba034c sp=0x00000089c1cfbdb0
Event: 196.552 Thread 0x000001b3a1da8a00 DEOPT UNPACKING pc=0x000001b38d0423a3 sp=0x00000089c1cfbd28 mode 2
Event: 196.552 Thread 0x000001b3a1da8a00 Uncommon trap: trap_request=0xffffff45 fr.pc=0x000001b394b91a54 relative=0x00000000000004d4
Event: 196.552 Thread 0x000001b3a1da8a00 Uncommon trap: reason=unstable_if action=reinterpret pc=0x000001b394b91a54 method=jdk.internal.org.objectweb.asm.Type.getArgumentsAndReturnSizes(Ljava/lang/String;)I @ 25 c2
Event: 196.552 Thread 0x000001b3a1da8a00 DEOPT PACKING pc=0x000001b394b91a54 sp=0x00000089c1cfbd40
Event: 196.552 Thread 0x000001b3a1da8a00 DEOPT UNPACKING pc=0x000001b38d0423a3 sp=0x00000089c1cfbcc0 mode 2

Classes unloaded (0 events):
No events

Classes redefined (0 events):
No events

Internal exceptions (20 events):
Event: 14.913 Thread 0x000001b3899462e0 Exception <a 'java/lang/ClassNotFoundException'{0x00000000c9082618}: org/aopalliance/aop/AdviceCustomizer> (0x00000000c9082618) 
thrown [e:\jenkins\tmp\workspace\build\src\src\hotspot\share\classfile\systemDictionary.cpp, line 256]
Event: 14.913 Thread 0x000001b3899462e0 Exception <a 'java/lang/ClassNotFoundException'{0x00000000c9086938}: org/springframework/beans/factory/FactoryBeanCustomizer> (0x00000000c9086938) 
thrown [e:\jenkins\tmp\workspace\build\src\src\hotspot\share\classfile\systemDictionary.cpp, line 256]
Event: 14.914 Thread 0x000001b3899462e0 Exception <a 'java/lang/ClassNotFoundException'{0x00000000c908d570}: org/springframework/beans/factory/BeanFactoryAwareCustomizer> (0x00000000c908d570) 
thrown [e:\jenkins\tmp\workspace\build\src\src\hotspot\share\classfile\systemDictionary.cpp, line 256]
Event: 14.915 Thread 0x000001b3899462e0 Exception <a 'java/lang/ClassNotFoundException'{0x00000000c9092b28}: org/springframework/beans/factory/AwareCustomizer> (0x00000000c9092b28) 
thrown [e:\jenkins\tmp\workspace\build\src\src\hotspot\share\classfile\systemDictionary.cpp, line 256]
Event: 14.915 Thread 0x000001b3899462e0 Exception <a 'java/lang/ClassNotFoundException'{0x00000000c9096e90}: org/springframework/aop/framework/AopInfrastructureBeanCustomizer> (0x00000000c9096e90) 
thrown [e:\jenkins\tmp\workspace\build\src\src\hotspot\share\classfile\systemDictionary.cpp, line 256]
Event: 15.052 Thread 0x000001b3899462e0 Exception <a 'java/lang/IncompatibleClassChangeError'{0x00000000c8c94d20}: Found class java.lang.Object, but interface was expected> (0x00000000c8c94d20) 
thrown [e:\jenkins\tmp\workspace\build\src\src\hotspot\share\interpreter\linkResolver.cpp, line 833]
Event: 15.246 Thread 0x000001b3899462e0 Implicit null exception at 0x000001b394bf583a to 0x000001b394bf5a1c
Event: 15.254 Thread 0x000001b3899462e0 Exception <a 'java/lang/ClassNotFoundException'{0x00000000c9d00958}: java/lang/ObjectCustomizer> (0x00000000c9d00958) 
thrown [e:\jenkins\tmp\workspace\build\src\src\hotspot\share\classfile\systemDictionary.cpp, line 256]
Event: 15.256 Thread 0x000001b3899462e0 Exception <a 'java/lang/ClassNotFoundException'{0x00000000c9d07418}: com/booking/models/FlightSearchCustomizer> (0x00000000c9d07418) 
thrown [e:\jenkins\tmp\workspace\build\src\src\hotspot\share\classfile\systemDictionary.cpp, line 256]
Event: 15.450 Thread 0x000001b3899462e0 Exception <a 'java/lang/ClassNotFoundException'{0x00000000c94a1f50}: java/lang/ObjectCustomizer> (0x00000000c94a1f50) 
thrown [e:\jenkins\tmp\workspace\build\src\src\hotspot\share\classfile\systemDictionary.cpp, line 256]
Event: 15.451 Thread 0x000001b3899462e0 Exception <a 'java/lang/ClassNotFoundException'{0x00000000c94a9948}: org/springframework/cloud/client/discovery/simple/SimpleDiscoveryClientAutoConfigurationCustomizer> (0x00000000c94a9948) 
thrown [e:\jenkins\tmp\workspace\build\src\src\hotspot\share\classfile\systemDictionary.cpp, line 256]
Event: 15.452 Thread 0x000001b3899462e0 Exception <a 'java/lang/ClassNotFoundException'{0x00000000c94b4a38}: org/springframework/context/ApplicationListenerCustomizer> (0x00000000c94b4a38) 
thrown [e:\jenkins\tmp\workspace\build\src\src\hotspot\share\classfile\systemDictionary.cpp, line 256]
Event: 15.452 Thread 0x000001b3899462e0 Exception <a 'java/lang/ClassNotFoundException'{0x00000000c94b7368}: java/util/EventListenerCustomizer> (0x00000000c94b7368) 
thrown [e:\jenkins\tmp\workspace\build\src\src\hotspot\share\classfile\systemDictionary.cpp, line 256]
Event: 15.690 Thread 0x000001b3899462e0 Implicit null exception at 0x000001b394c44d6c to 0x000001b394c44e14
Event: 15.690 Thread 0x000001b3899462e0 Implicit null exception at 0x000001b394c44d6c to 0x000001b394c44e14
Event: 16.105 Thread 0x000001b3899462e0 Exception <a 'java/lang/NoSuchMethodError'{0x00000000c9d0f148}: 'java.lang.Object java.lang.invoke.DirectMethodHandle$Holder.invokeSpecial(java.lang.Object, java.lang.Object, int, java.lang.Object, int, java.lang.Object)'> (0x00000000c9d0f148) 
thrown [e:\jenkins\tmp\workspace\build\src\src\hotspot\share\interpreter\linkResolver.cpp, line 766]
Event: 16.107 Thread 0x000001b3899462e0 Exception <a 'java/lang/NoSuchMethodError'{0x00000000c9d16f48}: 'java.lang.Object java.lang.invoke.DirectMethodHandle$Holder.newInvokeSpecial(java.lang.Object, java.lang.Object, int, java.lang.Object, int)'> (0x00000000c9d16f48) 
thrown [e:\jenkins\tmp\workspace\build\src\src\hotspot\share\interpreter\linkResolver.cpp, line 766]
Event: 16.107 Thread 0x000001b3899462e0 Exception <a 'java/lang/NoSuchMethodError'{0x00000000c9d1b048}: 'java.lang.Object java.lang.invoke.DirectMethodHandle$Holder.invokeSpecial(java.lang.Object, java.lang.Object, java.lang.Object, int, java.lang.Object, int)'> (0x00000000c9d1b048) 
thrown [e:\jenkins\tmp\workspace\build\src\src\hotspot\share\interpreter\linkResolver.cpp, line 766]
Event: 16.109 Thread 0x000001b3899462e0 Exception <a 'java/lang/NoSuchMethodError'{0x00000000c9d24fc8}: 'void java.lang.invoke.DirectMethodHandle$Holder.invokeVirtual(java.lang.Object, java.lang.Object)'> (0x00000000c9d24fc8) 
thrown [e:\jenkins\tmp\workspace\build\src\src\hotspot\share\interpreter\linkResolver.cpp, line 766]
Event: 16.213 Thread 0x000001b3899462e0 Exception <a 'java/lang/IncompatibleClassChangeError'{0x00000000c9cac1a0}: Found class java.lang.Object, but interface was expected> (0x00000000c9cac1a0) 
thrown [e:\jenkins\tmp\workspace\build\src\src\hotspot\share\interpreter\linkResolver.cpp, line 833]

VM Operations (20 events):
Event: 187.533 Executing VM operation: G1CollectForAllocation
Event: 187.589 Executing VM operation: G1CollectForAllocation done
Event: 187.710 Executing VM operation: G1Concurrent
Event: 187.730 Executing VM operation: G1Concurrent done
Event: 187.749 Executing VM operation: G1Concurrent
Event: 187.749 Executing VM operation: G1Concurrent done
Event: 188.010 Executing VM operation: HandshakeAllThreads
Event: 188.010 Executing VM operation: HandshakeAllThreads done
Event: 188.069 Executing VM operation: HandshakeAllThreads
Event: 188.069 Executing VM operation: HandshakeAllThreads done
Event: 188.078 Executing VM operation: HandshakeAllThreads
Event: 188.078 Executing VM operation: HandshakeAllThreads done
Event: 189.087 Executing VM operation: Cleanup
Event: 189.087 Executing VM operation: Cleanup done
Event: 192.108 Executing VM operation: Cleanup
Event: 192.108 Executing VM operation: Cleanup done
Event: 193.113 Executing VM operation: Cleanup
Event: 193.113 Executing VM operation: Cleanup done
Event: 196.131 Executing VM operation: Cleanup
Event: 196.132 Executing VM operation: Cleanup done

Events (20 events):
Event: 187.098 loading class java/nio/channels/spi/AbstractSelectionKey done
Event: 187.098 loading class sun/nio/ch/SelectionKeyImpl done
Event: 187.099 loading class java/lang/invoke/ConstantBootstraps
Event: 187.105 loading class java/lang/invoke/ConstantBootstraps done
Event: 187.668 loading class java/io/WriteAbortedException
Event: 187.669 loading class java/io/WriteAbortedException done
Event: 187.672 loading class sun/security/provider/SecureRandom
Event: 187.673 loading class sun/security/provider/SecureRandom done
Event: 187.674 loading class sun/security/provider/SecureRandom$SeederHolder
Event: 187.674 loading class sun/security/provider/SecureRandom$SeederHolder done
Event: 187.906 loading class java/text/FieldPosition$Delegate
Event: 187.906 loading class java/text/FieldPosition$Delegate done
Event: 188.103 loading class sun/nio/cs/ISO_8859_1$Encoder
Event: 188.104 loading class sun/nio/cs/ISO_8859_1$Encoder done
Event: 188.104 loading class sun/nio/cs/Surrogate$Parser
Event: 188.105 loading class sun/nio/cs/Surrogate$Parser done
Event: 188.105 loading class sun/nio/cs/Surrogate
Event: 188.105 loading class sun/nio/cs/Surrogate done
Event: 196.468 loading class java/util/Base64$Decoder
Event: 196.470 loading class java/util/Base64$Decoder done


Dynamic libraries:
0x00007ff7a97f0000 - 0x00007ff7a97fe000 	C:\Users\SHREE\Desktop\sts-4.15.2.RELEASE\plugins\org.eclipse.justj.openjdk.hotspot.jre.full.win32.x86_64_17.0.3.v20220515-1416\jre\bin\javaw.exe
0x00007ffb5fd90000 - 0x00007ffb5ff88000 	C:\Windows\SYSTEM32\ntdll.dll
0x00007ffb5fbb0000 - 0x00007ffb5fc6d000 	C:\Windows\System32\KERNEL32.DLL
0x00007ffb5d660000 - 0x00007ffb5d92e000 	C:\Windows\System32\KERNELBASE.dll
0x00007ffb5d930000 - 0x00007ffb5da30000 	C:\Windows\System32\ucrtbase.dll
0x00007ffb572f0000 - 0x00007ffb57309000 	C:\Users\SHREE\Desktop\sts-4.15.2.RELEASE\plugins\org.eclipse.justj.openjdk.hotspot.jre.full.win32.x86_64_17.0.3.v20220515-1416\jre\bin\VCRUNTIME140.dll
0x00007ffb58f30000 - 0x00007ffb58f48000 	C:\Users\SHREE\Desktop\sts-4.15.2.RELEASE\plugins\org.eclipse.justj.openjdk.hotspot.jre.full.win32.x86_64_17.0.3.v20220515-1416\jre\bin\jli.dll
0x00007ffb5f9e0000 - 0x00007ffb5fb80000 	C:\Windows\System32\USER32.dll
0x00007ffb47970000 - 0x00007ffb47c0a000 	C:\Windows\WinSxS\amd64_microsoft.windows.common-controls_6595b64144ccf1df_6.0.19041.1110_none_60b5254171f9507e\COMCTL32.dll
0x00007ffb5d540000 - 0x00007ffb5d562000 	C:\Windows\System32\win32u.dll
0x00007ffb5e310000 - 0x00007ffb5e3ae000 	C:\Windows\System32\msvcrt.dll
0x00007ffb5fb80000 - 0x00007ffb5fbaa000 	C:\Windows\System32\GDI32.dll
0x00007ffb5dae0000 - 0x00007ffb5dbeb000 	C:\Windows\System32\gdi32full.dll
0x00007ffb5dd50000 - 0x00007ffb5dded000 	C:\Windows\System32\msvcp_win.dll
0x00007ffb5e810000 - 0x00007ffb5e840000 	C:\Windows\System32\IMM32.DLL
0x00007ffb572e0000 - 0x00007ffb572ec000 	C:\Users\SHREE\Desktop\sts-4.15.2.RELEASE\plugins\org.eclipse.justj.openjdk.hotspot.jre.full.win32.x86_64_17.0.3.v20220515-1416\jre\bin\vcruntime140_1.dll
0x00007ffb33b20000 - 0x00007ffb33bb1000 	C:\Users\SHREE\Desktop\sts-4.15.2.RELEASE\plugins\org.eclipse.justj.openjdk.hotspot.jre.full.win32.x86_64_17.0.3.v20220515-1416\jre\bin\msvcp140.dll
0x00007ffb1c110000 - 0x00007ffb1cd58000 	C:\Users\SHREE\Desktop\sts-4.15.2.RELEASE\plugins\org.eclipse.justj.openjdk.hotspot.jre.full.win32.x86_64_17.0.3.v20220515-1416\jre\bin\server\jvm.dll
0x00007ffb5e530000 - 0x00007ffb5e5de000 	C:\Windows\System32\ADVAPI32.dll
0x00007ffb5f820000 - 0x00007ffb5f8bc000 	C:\Windows\System32\sechost.dll
0x00007ffb5e5e0000 - 0x00007ffb5e705000 	C:\Windows\System32\RPCRT4.dll
0x00007ffb5e520000 - 0x00007ffb5e528000 	C:\Windows\System32\PSAPI.DLL
0x00007ffb53b40000 - 0x00007ffb53b4a000 	C:\Windows\SYSTEM32\VERSION.dll
0x00007ffb3ede0000 - 0x00007ffb3ede9000 	C:\Windows\SYSTEM32\WSOCK32.dll
0x00007ffb53b50000 - 0x00007ffb53b77000 	C:\Windows\SYSTEM32\WINMM.dll
0x00007ffb5e7a0000 - 0x00007ffb5e80b000 	C:\Windows\System32\WS2_32.dll
0x00007ffb5b370000 - 0x00007ffb5b382000 	C:\Windows\SYSTEM32\kernel.appcore.dll
0x00007ffb3cc60000 - 0x00007ffb3cc6a000 	C:\Users\SHREE\Desktop\sts-4.15.2.RELEASE\plugins\org.eclipse.justj.openjdk.hotspot.jre.full.win32.x86_64_17.0.3.v20220515-1416\jre\bin\jimage.dll
0x00007ffb4f9b0000 - 0x00007ffb4fb94000 	C:\Windows\SYSTEM32\DBGHELP.DLL
0x00007ffb493e0000 - 0x00007ffb4940c000 	C:\Windows\SYSTEM32\dbgcore.DLL
0x00007ffb5d4b0000 - 0x00007ffb5d532000 	C:\Windows\System32\bcryptPrimitives.dll
0x00007ffb1de80000 - 0x00007ffb1dea5000 	C:\Users\SHREE\Desktop\sts-4.15.2.RELEASE\plugins\org.eclipse.justj.openjdk.hotspot.jre.full.win32.x86_64_17.0.3.v20220515-1416\jre\bin\java.dll
0x00007ffb1de60000 - 0x00007ffb1de78000 	C:\Users\SHREE\Desktop\sts-4.15.2.RELEASE\plugins\org.eclipse.justj.openjdk.hotspot.jre.full.win32.x86_64_17.0.3.v20220515-1416\jre\bin\zip.dll
0x00007ffb5eb90000 - 0x00007ffb5f2d4000 	C:\Windows\System32\SHELL32.dll
0x00007ffb5b570000 - 0x00007ffb5bd04000 	C:\Windows\SYSTEM32\windows.storage.dll
0x00007ffb5dec0000 - 0x00007ffb5e214000 	C:\Windows\System32\combase.dll
0x00007ffb5ce40000 - 0x00007ffb5ce70000 	C:\Windows\SYSTEM32\Wldp.dll
0x00007ffb5e410000 - 0x00007ffb5e4bd000 	C:\Windows\System32\SHCORE.dll
0x00007ffb5e4c0000 - 0x00007ffb5e515000 	C:\Windows\System32\shlwapi.dll
0x00007ffb5d3f0000 - 0x00007ffb5d40f000 	C:\Windows\SYSTEM32\profapi.dll
0x00007ffb1de40000 - 0x00007ffb1de59000 	C:\Users\SHREE\Desktop\sts-4.15.2.RELEASE\plugins\org.eclipse.justj.openjdk.hotspot.jre.full.win32.x86_64_17.0.3.v20220515-1416\jre\bin\net.dll
0x00007ffb4d6f0000 - 0x00007ffb4d7fa000 	C:\Windows\SYSTEM32\WINHTTP.dll
0x00007ffb5cb50000 - 0x00007ffb5cbba000 	C:\Windows\system32\mswsock.dll
0x00007ffb1de20000 - 0x00007ffb1de35000 	C:\Users\SHREE\Desktop\sts-4.15.2.RELEASE\plugins\org.eclipse.justj.openjdk.hotspot.jre.full.win32.x86_64_17.0.3.v20220515-1416\jre\bin\nio.dll
0x00007ffb3c970000 - 0x00007ffb3c980000 	C:\Users\SHREE\Desktop\sts-4.15.2.RELEASE\plugins\org.eclipse.justj.openjdk.hotspot.jre.full.win32.x86_64_17.0.3.v20220515-1416\jre\bin\verify.dll
0x00007ffb5c860000 - 0x00007ffb5c89b000 	C:\Windows\SYSTEM32\IPHLPAPI.DLL
0x00007ffb5e300000 - 0x00007ffb5e308000 	C:\Windows\System32\NSI.dll
0x00007ffb53b80000 - 0x00007ffb53b97000 	C:\Windows\SYSTEM32\dhcpcsvc6.DLL
0x00007ffb54060000 - 0x00007ffb5407d000 	C:\Windows\SYSTEM32\dhcpcsvc.DLL
0x00007ffb5c8a0000 - 0x00007ffb5c96a000 	C:\Windows\SYSTEM32\DNSAPI.dll
0x00007ffb541e0000 - 0x00007ffb541ea000 	C:\Windows\System32\rasadhlp.dll
0x00007ffb50890000 - 0x00007ffb50910000 	C:\Windows\System32\fwpuclnt.dll
0x00007ffb5d570000 - 0x00007ffb5d597000 	C:\Windows\System32\bcrypt.dll
0x00007ffb25410000 - 0x00007ffb25419000 	C:\Users\SHREE\Desktop\sts-4.15.2.RELEASE\plugins\org.eclipse.justj.openjdk.hotspot.jre.full.win32.x86_64_17.0.3.v20220515-1416\jre\bin\management.dll
0x00007ffb235f0000 - 0x00007ffb235fb000 	C:\Users\SHREE\Desktop\sts-4.15.2.RELEASE\plugins\org.eclipse.justj.openjdk.hotspot.jre.full.win32.x86_64_17.0.3.v20220515-1416\jre\bin\management_ext.dll
0x00007ffb41a00000 - 0x00007ffb41a17000 	C:\Windows\system32\napinsp.dll
0x00007ffb419a0000 - 0x00007ffb419bb000 	C:\Windows\system32\pnrpnsp.dll
0x00007ffb57f10000 - 0x00007ffb57f25000 	C:\Windows\system32\wshbth.dll
0x00007ffb58e20000 - 0x00007ffb58e3d000 	C:\Windows\system32\NLAapi.dll
0x00007ffb41850000 - 0x00007ffb41862000 	C:\Windows\System32\winrnr.dll
0x00007ffb5cd70000 - 0x00007ffb5cd88000 	C:\Windows\SYSTEM32\CRYPTSP.dll
0x00007ffb5c4e0000 - 0x00007ffb5c514000 	C:\Windows\system32\rsaenh.dll
0x00007ffb5d370000 - 0x00007ffb5d39e000 	C:\Windows\SYSTEM32\USERENV.dll
0x00007ffb5cd90000 - 0x00007ffb5cd9c000 	C:\Windows\SYSTEM32\CRYPTBASE.dll
0x00007ffb3c7d0000 - 0x00007ffb3c7de000 	C:\Users\SHREE\Desktop\sts-4.15.2.RELEASE\plugins\org.eclipse.justj.openjdk.hotspot.jre.full.win32.x86_64_17.0.3.v20220515-1416\jre\bin\sunmscapi.dll
0x00007ffb5dbf0000 - 0x00007ffb5dd46000 	C:\Windows\System32\CRYPT32.dll
0x00007ffb5ceb0000 - 0x00007ffb5ced7000 	C:\Windows\SYSTEM32\ncrypt.dll
0x00007ffb5ce70000 - 0x00007ffb5ceab000 	C:\Windows\SYSTEM32\NTASN1.dll
0x00007ffb572d0000 - 0x00007ffb572d7000 	C:\Windows\system32\wshunix.dll

dbghelp: loaded successfully - version: 4.0.5 - missing functions: none
symbol engine: initialized successfully - sym options: 0x614 - pdb path: .;C:\Users\SHREE\Desktop\sts-4.15.2.RELEASE\plugins\org.eclipse.justj.openjdk.hotspot.jre.full.win32.x86_64_17.0.3.v20220515-1416\jre\bin;C:\Windows\SYSTEM32;C:\Windows\WinSxS\amd64_microsoft.windows.common-controls_6595b64144ccf1df_6.0.19041.1110_none_60b5254171f9507e;C:\Users\SHREE\Desktop\sts-4.15.2.RELEASE\plugins\org.eclipse.justj.openjdk.hotspot.jre.full.win32.x86_64_17.0.3.v20220515-1416\jre\bin\server

VM Arguments:
jvm_args: -Dfile.encoding=UTF-8 -XX:+ShowCodeDetailsInExceptionMessages 
java_command: com.booking.BookingService
java_class_path (initial): C:\Users\SHREE\Desktop\Aug_Training\new\BookingMicroService1\target\classes;C:\Users\SHREE\.m2\repository\org\springframework\boot\spring-boot-starter-web\2.7.3\spring-boot-starter-web-2.7.3.jar;C:\Users\SHREE\.m2\repository\org\springframework\boot\spring-boot-starter\2.7.3\spring-boot-starter-2.7.3.jar;C:\Users\SHREE\.m2\repository\org\springframework\boot\spring-boot\2.7.3\spring-boot-2.7.3.jar;C:\Users\SHREE\.m2\repository\org\springframework\boot\spring-boot-autoconfigure\2.7.3\spring-boot-autoconfigure-2.7.3.jar;C:\Users\SHREE\.m2\repository\org\springframework\boot\spring-boot-starter-logging\2.7.3\spring-boot-starter-logging-2.7.3.jar;C:\Users\SHREE\.m2\repository\ch\qos\logback\logback-classic\1.2.11\logback-classic-1.2.11.jar;C:\Users\SHREE\.m2\repository\ch\qos\logback\logback-core\1.2.11\logback-core-1.2.11.jar;C:\Users\SHREE\.m2\repository\org\apache\logging\log4j\log4j-to-slf4j\2.17.2\log4j-to-slf4j-2.17.2.jar;C:\Users\SHREE\.m2\repository\org\apache\logging\log4j\log4j-api\2.17.2\log4j-api-2.17.2.jar;C:\Users\SHREE\.m2\repository\org\slf4j\jul-to-slf4j\1.7.36\jul-to-slf4j-1.7.36.jar;C:\Users\SHREE\.m2\repository\jakarta\annotation\jakarta.annotation-api\1.3.5\jakarta.annotation-api-1.3.5.jar;C:\Users\SHREE\.m2\repository\org\yaml\snakeyaml\1.30\snakeyaml-1.30.jar;C:\Users\SHREE\.m2\repository\org\springframework\boot\spring-boot-starter-json\2.7.3\spring-boot-starter-json-2.7.3.jar;C:\Users\SHREE\.m2\repository\com\fasterxml\jackson\datatype\jackson-datatype-jdk8\2.13.3\jackson-datatype-jdk8-2.13.3.jar;C:\Users\SHREE\.m2\repository\com\fasterxml\jackson\datatype\jackson-datatype-jsr310\2.13.3\jackson-datatype-jsr310-2.13.3.jar;C:\Users\SHREE\.m2\repository\com\fasterxml\jackson\module\jackson-module-parameter-names\2.13.3\jackson-module-parameter-names-2.13.3.jar;C:\Users\SHREE\.m2\repository\org\springframework\boot\spring-boot-starter-tomcat\2.7.3\spring-boot-starter-tomcat-2.7.3.jar;C:\Users\SHREE\.m2\repository\org\apa
Launcher Type: SUN_STANDARD

[Global flags]
     intx CICompilerCount                          = 4                                         {product} {ergonomic}
     uint ConcGCThreads                            = 2                                         {product} {ergonomic}
     uint G1ConcRefinementThreads                  = 8                                         {product} {ergonomic}
   size_t G1HeapRegionSize                         = 1048576                                   {product} {ergonomic}
    uintx GCDrainStackTargetSize                   = 64                                        {product} {ergonomic}
   size_t InitialHeapSize                          = 62914560                                  {product} {ergonomic}
   size_t MarkStackSize                            = 4194304                                   {product} {ergonomic}
   size_t MaxHeapSize                              = 979369984                                 {product} {ergonomic}
   size_t MaxNewSize                               = 587202560                                 {product} {ergonomic}
   size_t MinHeapDeltaBytes                        = 1048576                                   {product} {ergonomic}
   size_t MinHeapSize                              = 8388608                                   {product} {ergonomic}
    uintx NonNMethodCodeHeapSize                   = 5839372                                {pd product} {ergonomic}
    uintx NonProfiledCodeHeapSize                  = 122909434                              {pd product} {ergonomic}
    uintx ProfiledCodeHeapSize                     = 122909434                              {pd product} {ergonomic}
    uintx ReservedCodeCacheSize                    = 251658240                              {pd product} {ergonomic}
     bool SegmentedCodeCache                       = true                                      {product} {ergonomic}
     bool ShowCodeDetailsInExceptionMessages       = true                                   {manageable} {command line}
   size_t SoftMaxHeapSize                          = 979369984                              {manageable} {ergonomic}
     bool UseCompressedClassPointers               = true                           {product lp64_product} {ergonomic}
     bool UseCompressedOops                        = true                           {product lp64_product} {ergonomic}
     bool UseG1GC                                  = true                                      {product} {ergonomic}
     bool UseLargePagesIndividualAllocation        = false                                  {pd product} {ergonomic}

Logging:
Log output configuration:
 #0: stdout all=warning uptime,level,tags
 #1: stderr all=off uptime,level,tags

Environment Variables:
JAVA_HOME=C:\Program Files\Java\jdk-11.0.16
PATH=C:/Users/SHREE/Desktop/sts-4.15.2.RELEASE//plugins/org.eclipse.justj.openjdk.hotspot.jre.full.win32.x86_64_17.0.3.v20220515-1416/jre/bin/server;C:/Users/SHREE/Desktop/sts-4.15.2.RELEASE//plugins/org.eclipse.justj.openjdk.hotspot.jre.full.win32.x86_64_17.0.3.v20220515-1416/jre/bin;C:\Python310\Scripts\;C:\Python310\;C:\Program Files\Common Files\Oracle\Java\javapath;C:\Windows\system32;C:\Windows;C:\Windows\System32\Wbem;C:\Windows\System32\WindowsPowerShell\v1.0\;C:\Windows\System32\OpenSSH\;C:\Program Files\nodejs\;C:\ProgramData\chocolatey\bin;C:\Program Files\Git\cmd;C:\Program Files\Docker\Docker\resources\bin;C:\ProgramData\DockerDesktop\version-bin;C:\Users\SHREE\AppData\Local\Microsoft\WindowsApps;C:\Users\SHREE\AppData\Local\Programs\Microsoft VS Code\bin;C:\Users\SHREE\AppData\Roaming\npm;C:\Users\SHREE\Desktop\sonarqued\apache-maven-3.8.6\bin;C:\Program Files\Java\jdk-11.0.16\bin;;C:\Users\SHREE\Desktop\sts-4.15.2.RELEASE;
USERNAME=KALYANI
OS=Windows_NT
PROCESSOR_IDENTIFIER=AMD64 Family 23 Model 17 Stepping 0, AuthenticAMD



---------------  S Y S T E M  ---------------

OS:
 Windows 10 , 64 bit Build 19041 (10.0.19041.1889)
OS uptime: 0 days 17:59 hours
Hyper-V role detected

CPU: total 8 (initial active 8) (8 cores per cpu, 2 threads per core) family 23 model 17 stepping 0 microcode 0x0, cx8, cmov, fxsr, ht, mmx, 3dnowpref, sse, sse2, sse3, ssse3, sse4a, sse4.1, sse4.2, popcnt, lzcnt, tsc, tscinvbit, avx, avx2, aes, clmul, bmi1, bmi2, adx, sha, fma, vzeroupper, clflush, clflushopt, hv

Memory: 4k page, system-wide physical 3732M (39M free)
TotalPageFile size 14996M (AvailPageFile size 0M)
current process WorkingSet (physical memory assigned to process): 156M, peak: 243M
current process commit charge ("private bytes"): 280M, peak: 308M

vm_info: OpenJDK 64-Bit Server VM (17.0.3+7) for windows-amd64 JRE (17.0.3+7), built on Apr 19 2022 16:55:35 by "" with MS VC++ 16.7 (VS2019)

END.
